<?xml version="1.0" encoding="UTF-8"?>
<!-- Generated by org.testng.reporters.JUnitReportReporter -->
<testsuite hostname="DEDDFK5H2" failures="0" tests="1" name="steps.NewTest" time="2.288" errors="0" timestamp="2021-03-08T14:05:09 CST" skipped="0">
  <testcase classname="steps.NewTest" name="test" time="2.288"/>
  <system-out/>
</testsuite> <!-- steps.NewTest -->
